\\mac\home\downloads\cs4247_assign3_2017\debug\vc140.pdb
\\mac\home\downloads\cs4247_assign3_2017\debug\vc140.idb
\\mac\home\downloads\cs4247_assign3_2017\debug\radiositysolver.pdb
\\mac\home\downloads\cs4247_assign3_2017\debug\common.obj
\\mac\home\downloads\cs4247_assign3_2017\debug\quadmodel.obj
\\mac\home\downloads\cs4247_assign3_2017\debug\quadsviewer.obj
\\mac\home\downloads\cs4247_assign3_2017\debug\radiositysolver.obj
\\mac\home\downloads\cs4247_assign3_2017\debug\radiosityviewer.obj
\\mac\home\downloads\cs4247_assign3_2017\debug\trackball.obj
\\mac\home\downloads\cs4247_assign3_2017\debug\quadsviewer.ilk
\\mac\home\downloads\cs4247_assign3_2017\debug\radiositysolver.ilk
\\mac\home\downloads\cs4247_assign3_2017\debug\radiosityviewer.ilk
\\mac\home\downloads\cs4247_assign3_2017\debug\quadsviewer.pdb
\\mac\home\downloads\cs4247_assign3_2017\debug\radiosityviewer.pdb
\\mac\home\downloads\cs4247_assign3_2017\debug\radiositysolver.exe
\\mac\home\downloads\cs4247_assign3_2017\debug\radiositysolver.tlog\cl.command.1.tlog
\\mac\home\downloads\cs4247_assign3_2017\debug\radiositysolver.tlog\cl.read.1.tlog
\\mac\home\downloads\cs4247_assign3_2017\debug\radiositysolver.tlog\cl.write.1.tlog
\\mac\home\downloads\cs4247_assign3_2017\debug\radiositysolver.tlog\link.command.1.tlog
\\mac\home\downloads\cs4247_assign3_2017\debug\radiositysolver.tlog\link.read.1.tlog
\\mac\home\downloads\cs4247_assign3_2017\debug\radiositysolver.tlog\link.write.1.tlog
